<?xml version="1.0" encoding="UTF-8"?>
<!-- Generated by org.testng.reporters.JUnitReportReporter -->
<testsuite hostname="LAPTOP-2T7BVBPC" failures="0" tests="1" name="com.LearningFromJiju.OpenBrowser" time="9.813" errors="0" timestamp="2023-07-15T18:35:02 IST" skipped="0">
  <testcase classname="com.LearningFromJiju.OpenBrowser" name="testOpenBrowser" time="9.813"/>
  <system-out/>
</testsuite> <!-- com.LearningFromJiju.OpenBrowser -->
